        -:    0:Source:D:/projects/lsassC/src/main.c
        -:    0:Graph:D:\projects\lsassC\cmake-build-debug-coverage\CMakeFiles\lsassC.dir\src\main.c.gcno
        -:    0:Data:D:\projects\lsassC\cmake-build-debug-coverage\CMakeFiles\lsassC.dir\src\main.c.gcda
        -:    0:Runs:1
        -:    1:#include <stdio.h>
        -:    2:
        -:    3:#include "Syscalls.h"
        -:    4:
function main called 1 returned 0% blocks executed 50%
        1:    5:int main() {
        1:    6:    PVOID*  ppInstAddr  = NULL;
        1:    7:    BOOL    bResult     = FALSE;
        -:    8:
        1:    9:    bResult = GetSyscallInst(ppInstAddr);
        1:    9-block  0
call    0 returned 0
    #####:   10:    printf("[%d] %p\n", bResult, ppInstAddr);
call    0 never executed
    #####:   11:    return 0;
        -:   12:}
