        -:    0:Source:D:/projects/lsassC/src/Syscalls.c
        -:    0:Graph:D:\projects\lsassC\cmake-build-debug-coverage\CMakeFiles\lsassC.dir\src\Syscalls.c.gcno
        -:    0:Data:D:\projects\lsassC\cmake-build-debug-coverage\CMakeFiles\lsassC.dir\src\Syscalls.c.gcda
        -:    0:Runs:1
        -:    1:#include "Syscalls.h"
        -:    2:
        -:    3:#include <stdio.h>
        -:    4:
        -:    5:#define STUB_SIZE       0x20
        -:    6:
        -:    7:#define MOV1_OPCODE     0x4C
        -:    8:#define R10_OPCODE      0x8B
        -:    9:#define RCX_OPCODE      0xD1
        -:   10:#define MOV2_OPCODE     0xB8
        -:   11:#define JMP_OPCODE      0xE9
        -:   12:#define RET_OPCODE      0xC3
        -:   13:
        -:   14:identity_t NtOpenProcessHash             = IDENTITY("NtOpenProcess");
        -:   15:identity_t NtCloseHash                   = IDENTITY("NtClose");
        -:   16:identity_t NtAdjustPrivilegesTokenHash   = IDENTITY("NtAdjustPrivilegesTokenH");
        -:   17:identity_t NtQuerySystemInformationHash  = IDENTITY("NtQuerySystemInformation");
        -:   18:identity_t NtReadVirtualMemoryHash       = IDENTITY("NtReadVirtualMemory");
        -:   19:identity_t NtOpenProcessTokenHash        = IDENTITY("NtOpenProcessToken");
        -:   20:
        -:   21:identity_t Win32uDllHash                 = IDENTITY("win32u.dll");
        -:   22:identity_t NtDllDllHash                  = IDENTITY("ntdll.dll");
        -:   23:
        -:   24:typedef struct _MODULE_CONFIG
        -:   25:{
        -:   26:
        -:   27:    PDWORD      pdwArrayOfAddresses; // The VA of the array of addresses of the DLL's exported functions    [BaseAddress + IMAGE_EXPORT_DIRECTORY.AddressOfFunctions]
        -:   28:    PDWORD      pdwArrayOfNames;     // The VA of the array of names of the DLL's exported functions        [BaseAddress + IMAGE_EXPORT_DIRECTORY.AddressOfNames]
        -:   29:    PWORD       pwArrayOfOrdinals;   // The VA of the array of ordinals of the DLL's exported functions     [BaseAddress + IMAGE_EXPORT_DIRECTORY.AddressOfNameOrdinals]
        -:   30:    DWORD       dwNumberOfNames;     // The number of exported functions of the DLL                         [IMAGE_EXPORT_DIRECTORY.NumberOfNames]
        -:   31:    ULONG_PTR   uModule;             // The base address of the DLL - required to calculate future VAs      [BaseAddress]
        -:   32:    BOOLEAN     bInitialized;        // Set to TRUE if all elements are initialized
        -:   33:
        -:   34:} MODULE_CONFIG, *PMODULE_CONFIG;
        -:   35:
        -:   36:// Global
        -:   37:MODULE_CONFIG   g_NtdllConf   = {nullptr};
        -:   38:MODULE_CONFIG   g_Win32uConf  = {nullptr};
        -:   39:
function InitModuleConfigs called 0 returned 0% blocks executed 0%
    #####:   40:BOOL InitModuleConfigs(OUT PMODULE_CONFIG pModuleConfig, IN ULONG_PTR ulBaseAddress) {
    #####:   41:    PIMAGE_NT_HEADERS       pImageNtHeaders = NULL;
    #####:   42:    PIMAGE_EXPORT_DIRECTORY pImageExportDir = NULL;
        -:   43:
    #####:   44:    if (ulBaseAddress == (ULONG_PTR)NULL) {
    %%%%%:   44-block  0
branch  0 never executed (fallthrough)
branch  1 never executed
    #####:   45:        return FALSE;
    %%%%%:   45-block  0
        -:   46:    }
    #####:   47:    pModuleConfig -> uModule = ulBaseAddress;
        -:   48:
    #####:   49:    pImageNtHeaders = (PIMAGE_NT_HEADERS)(pModuleConfig->uModule + ((PIMAGE_DOS_HEADER)pModuleConfig->uModule)->e_lfanew);
    #####:   50:    if (pImageNtHeaders == NULL || pImageNtHeaders->Signature != IMAGE_NT_SIGNATURE) {
    %%%%%:   50-block  0
branch  0 never executed (fallthrough)
branch  1 never executed
    %%%%%:   50-block  1
branch  2 never executed (fallthrough)
branch  3 never executed
    #####:   51:        return FALSE;
    %%%%%:   51-block  0
        -:   52:    }
        -:   53:
    #####:   54:    if (pImageNtHeaders->OptionalHeader.NumberOfRvaAndSizes <= IMAGE_DIRECTORY_ENTRY_EXPORT) {
    %%%%%:   54-block  0
branch  0 never executed (fallthrough)
branch  1 never executed
    #####:   55:        return FALSE;
    %%%%%:   55-block  0
        -:   56:    }
        -:   57:
    #####:   58:    pImageExportDir = (PIMAGE_EXPORT_DIRECTORY)(pModuleConfig->uModule + pImageNtHeaders->OptionalHeader.DataDirectory[IMAGE_DIRECTORY_ENTRY_EXPORT].VirtualAddress);
    #####:   59:    if (pImageExportDir == NULL) {
    %%%%%:   59-block  0
branch  0 never executed (fallthrough)
branch  1 never executed
    #####:   60:        return FALSE;
    %%%%%:   60-block  0
        -:   61:    }
        -:   62:
    #####:   63:    pModuleConfig->dwNumberOfNames = pImageExportDir->NumberOfNames;
    #####:   64:    pModuleConfig->pdwArrayOfNames = (PDWORD)(pModuleConfig->uModule + pImageExportDir->AddressOfNames);
    #####:   65:    pModuleConfig->pdwArrayOfAddresses = (PDWORD)(pModuleConfig->uModule + pImageExportDir->AddressOfFunctions);
    #####:   66:    pModuleConfig->pwArrayOfOrdinals = (PWORD)(pModuleConfig->uModule + pImageExportDir->AddressOfNameOrdinals);
        -:   67:
    #####:   68:    if (!pModuleConfig->dwNumberOfNames || !pModuleConfig->pdwArrayOfNames || !pModuleConfig->pdwArrayOfAddresses || !pModuleConfig->pwArrayOfOrdinals) {
    %%%%%:   68-block  0
branch  0 never executed (fallthrough)
branch  1 never executed
    %%%%%:   68-block  1
branch  2 never executed (fallthrough)
branch  3 never executed
    %%%%%:   68-block  2
branch  4 never executed (fallthrough)
branch  5 never executed
    %%%%%:   68-block  3
branch  6 never executed (fallthrough)
branch  7 never executed
    #####:   69:        return FALSE;
    %%%%%:   69-block  0
        -:   70:    }
        -:   71:
    #####:   72:    pModuleConfig->bInitialized = TRUE;
    #####:   73:    return TRUE;
    %%%%%:   73-block  0
        -:   74:}
        -:   75:
function GenerateRandomInt called 1 returned 100% blocks executed 100%
        1:   76:unsigned int GenerateRandomInt() {
        -:   77:    static unsigned int state = 123456789;
        1:   78:    state ^= state << 13;
        1:   79:    state ^= state >> 17;
        1:   80:    state ^= state << 5;
        1:   81:    return state;
        1:   81-block  0
        -:   82:}
        -:   83:
function GetSyscallInst called 1 returned 0% blocks executed 15%
        1:   84:BOOL GetSyscallInst(OUT PVOID* ppSyscallInstAddress) {
        1:   85:    INT rndIdx = GenerateRandomInt() % 0x10,
        1:   85-block  0
call    0 returned 1
        1:   86:        sysCnt = 0;
        -:   87:
        1:   88:    if (!g_Win32uConf.bInitialized) {
branch  0 taken 1 (fallthrough)
branch  1 taken 0
       1*:   89:        if (!InitModuleConfigs(&g_Win32uConf, (ULONG_PTR)GetModuleHandleH(Win32uDllHash))) {
        1:   89-block  0
call    0 returned 0
call    1 never executed
branch  2 never executed (fallthrough)
branch  3 never executed
    #####:   90:            return FALSE;
    %%%%%:   90-block  0
        -:   91:        }
        -:   92:    }
        -:   93:
    #####:   94:    if (g_Win32uConf.dwNumberOfNames == 0 || g_Win32uConf.pdwArrayOfNames == NULL) {
    %%%%%:   94-block  0
branch  0 never executed (fallthrough)
branch  1 never executed
    %%%%%:   94-block  1
branch  2 never executed (fallthrough)
branch  3 never executed
    #####:   95:        return FALSE;
    %%%%%:   95-block  0
        -:   96:    }
        -:   97:
    #####:   98:    for (DWORD i = 0; i < g_Win32uConf.dwNumberOfNames; i++) {
    %%%%%:   98-block  0
    %%%%%:   98-block  1
    %%%%%:   98-block  2
branch  0 never executed
branch  1 never executed (fallthrough)
    #####:   99:        PCHAR pcFuncName = (PCHAR)(g_Win32uConf.uModule + g_Win32uConf.pdwArrayOfNames[i]);
    #####:  100:        PVOID pFuncAddress = (PVOID)(g_Win32uConf.uModule + g_Win32uConf.pdwArrayOfAddresses[g_Win32uConf.pwArrayOfOrdinals[i]]);
        -:  101:
    #####:  102:        if (pcFuncName == NULL || pFuncAddress == NULL)
    %%%%%:  102-block  0
branch  0 never executed (fallthrough)
branch  1 never executed
    %%%%%:  102-block  1
branch  2 never executed (fallthrough)
branch  3 never executed
    #####:  103:            continue;
    %%%%%:  103-block  0
    #####:  104:        printf("g_Win32uConf.dwNumberOfNames: %lu\n", g_Win32uConf.dwNumberOfNames);
    %%%%%:  104-block  0
call    0 never executed
    #####:  105:        for (DWORD offset = 0; offset < STUB_SIZE; offset++) {
    %%%%%:  105-block  0
    %%%%%:  105-block  1
branch  0 never executed
branch  1 never executed (fallthrough)
        -:  106:            // Validate pointer before dereferencing
    #####:  107:            unsigned short* pOpcode = (unsigned short*)((ULONG_PTR)pFuncAddress + offset);
    #####:  108:            BYTE* pRetOpcode = (BYTE*)((ULONG_PTR)pFuncAddress + offset + sizeof(unsigned short));
        -:  109:
        -:  110:            // Safely check for 'syscall' instruction pattern
    #####:  111:            if (*pOpcode == (0x052A ^ 0x25) && *pRetOpcode == RET_OPCODE) {
    %%%%%:  111-block  0
branch  0 never executed (fallthrough)
branch  1 never executed
    %%%%%:  111-block  1
branch  2 never executed (fallthrough)
branch  3 never executed
    #####:  112:                if (sysCnt == rndIdx) {
    %%%%%:  112-block  0
branch  0 never executed (fallthrough)
branch  1 never executed
    #####:  113:                    *ppSyscallInstAddress = (PVOID)((ULONG_PTR)pFuncAddress + offset);
    #####:  114:                    return TRUE;  // Successfully found and validated syscall instruction
    %%%%%:  114-block  0
        -:  115:                }
    #####:  116:                sysCnt++;
    %%%%%:  116-block  0
        -:  117:            }
        -:  118:        }
        -:  119:    }
    #####:  120:    return FALSE;
    %%%%%:  120-block  0
        -:  121:}
        -:  122:
        -:  123:// BOOL InitSyscalls(OUT PSYSCALL_API Syscalls) {
        -:  124://     if (Syscalls->bInit) {
        -:  125://         return TRUE;
        -:  126://     }
        -:  127:// }
